# JRE version: OpenJDK Runtime Environment (8.0_76-b03) (build 1.8.0_76-release-b03)
# Java VM: OpenJDK 64-Bit Server VM (25.76-b03 mixed mode bsd-amd64 compressed oops)
Heap:
 PSYoungGen      total 419328K, used 416940K [0x00000007a0000000, 0x00000007c0000000, 0x00000007c0000000)
  eden space 396800K, 100% used [0x00000007a0000000,0x00000007b8380000,0x00000007b8380000)
  from space 22528K, 89% used [0x00000007b8380000,0x00000007b972b278,0x00000007b9980000)
  to   space 24576K, 21% used [0x00000007be800000,0x00000007bed30010,0x00000007c0000000)
 ParOldGen       total 1048576K, used 1000301K [0x0000000760000000, 0x00000007a0000000, 0x00000007a0000000)
  object space 1048576K, 95% used [0x0000000760000000,0x000000079d0db698,0x00000007a0000000)
 Metaspace       used 64898K, capacity 66840K, committed 67072K, reserved 1107968K
  class space    used 8288K, capacity 8667K, committed 8704K, reserved 1048576K
GC Heap History (10 events):
Event: 441.952 GC heap after
Heap after GC invocations=20 (full 4):
 PSYoungGen      total 309760K, used 0K [0x00000007a0000000, 0x00000007b4500000, 0x00000007c0000000)
  eden space 287232K, 0% used [0x00000007a0000000,0x00000007a0000000,0x00000007b1880000)
  from space 22528K, 0% used [0x00000007b2e80000,0x00000007b2e80000,0x00000007b4480000)
  to   space 22528K, 0% used [0x00000007b1880000,0x00000007b1880000,0x00000007b2e80000)
 ParOldGen       total 384000K, used 140580K [0x0000000760000000, 0x0000000777700000, 0x00000007a0000000)
  object space 384000K, 36% used [0x0000000760000000,0x0000000768949008,0x0000000777700000)
 Metaspace       used 52287K, capacity 53812K, committed 53888K, reserved 1095680K
  class space    used 6950K, capacity 7296K, committed 7296K, reserved 1048576K
}
Event: 445.996 GC heap before
{Heap before GC invocations=21 (full 4):
 PSYoungGen      total 309760K, used 270914K [0x00000007a0000000, 0x00000007b4500000, 0x00000007c0000000)
  eden space 287232K, 94% used [0x00000007a0000000,0x00000007b0890858,0x00000007b1880000)
  from space 22528K, 0% used [0x00000007b2e80000,0x00000007b2e80000,0x00000007b4480000)
  to   space 22528K, 0% used [0x00000007b1880000,0x00000007b1880000,0x00000007b2e80000)
 ParOldGen       total 384000K, used 140580K [0x0000000760000000, 0x0000000777700000, 0x00000007a0000000)
  object space 384000K, 36% used [0x0000000760000000,0x0000000768949008,0x0000000777700000)
 Metaspace       used 54519K, capacity 55978K, committed 56192K, reserved 1097728K
  class space    used 7223K, capacity 7525K, committed 7552K, reserved 1048576K
Event: 446.009 GC heap after
Heap after GC invocations=21 (full 4):
 PSYoungGen      total 309760K, used 2288K [0x00000007a0000000, 0x00000007bb200000, 0x00000007c0000000)
  eden space 287232K, 0% used [0x00000007a0000000,0x00000007a0000000,0x00000007b1880000)
  from space 22528K, 10% used [0x00000007b1880000,0x00000007b1abc3c8,0x00000007b2e80000)
  to   space 23040K, 0% used [0x00000007b9b80000,0x00000007b9b80000,0x00000007bb200000)
 ParOldGen       total 384000K, used 206124K [0x0000000760000000, 0x0000000777700000, 0x00000007a0000000)
  object space 384000K, 53% used [0x0000000760000000,0x000000076c94b018,0x0000000777700000)
 Metaspace       used 54519K, capacity 55978K, committed 56192K, reserved 1097728K
  class space    used 7223K, capacity 7525K, committed 7552K, reserved 1048576K
}
Event: 446.009 GC heap before
{Heap before GC invocations=22 (full 5):
 PSYoungGen      total 309760K, used 2288K [0x00000007a0000000, 0x00000007bb200000, 0x00000007c0000000)
  eden space 287232K, 0% used [0x00000007a0000000,0x00000007a0000000,0x00000007b1880000)
  from space 22528K, 10% used [0x00000007b1880000,0x00000007b1abc3c8,0x00000007b2e80000)
  to   space 23040K, 0% used [0x00000007b9b80000,0x00000007b9b80000,0x00000007bb200000)
 ParOldGen       total 384000K, used 206124K [0x0000000760000000, 0x0000000777700000, 0x00000007a0000000)
  object space 384000K, 53% used [0x0000000760000000,0x000000076c94b018,0x0000000777700000)
 Metaspace       used 54519K, capacity 55978K, committed 56192K, reserved 1097728K
  class space    used 7223K, capacity 7525K, committed 7552K, reserved 1048576K
Event: 446.218 GC heap after
Heap after GC invocations=22 (full 5):
 PSYoungGen      total 309760K, used 0K [0x00000007a0000000, 0x00000007bb200000, 0x00000007c0000000)
  eden space 287232K, 0% used [0x00000007a0000000,0x00000007a0000000,0x00000007b1880000)
  from space 22528K, 0% used [0x00000007b1880000,0x00000007b1880000,0x00000007b2e80000)
  to   space 23040K, 0% used [0x00000007b9b80000,0x00000007b9b80000,0x00000007bb200000)
 ParOldGen       total 384000K, used 28676K [0x0000000760000000, 0x0000000777700000, 0x00000007a0000000)
  object space 384000K, 7% used [0x0000000760000000,0x0000000761c01018,0x0000000777700000)
 Metaspace       used 54519K, capacity 55978K, committed 56192K, reserved 1097728K
  class space    used 7223K, capacity 7525K, committed 7552K, reserved 1048576K
}
Event: 558.264 GC heap before
{Heap before GC invocations=23 (full 5):
 PSYoungGen      total 309760K, used 287232K [0x00000007a0000000, 0x00000007bb200000, 0x00000007c0000000)
  eden space 287232K, 100% used [0x00000007a0000000,0x00000007b1880000,0x00000007b1880000)
  from space 22528K, 0% used [0x00000007b1880000,0x00000007b1880000,0x00000007b2e80000)
  to   space 23040K, 0% used [0x00000007b9b80000,0x00000007b9b80000,0x00000007bb200000)
 ParOldGen       total 384000K, used 28676K [0x0000000760000000, 0x0000000777700000, 0x00000007a0000000)
  object space 384000K, 7% used [0x0000000760000000,0x0000000761c01088,0x0000000777700000)
 Metaspace       used 61690K, capacity 63522K, committed 63872K, reserved 1103872K
  class space    used 8065K, capacity 8452K, committed 8576K, reserved 1048576K
Event: 558.276 GC heap after
Heap after GC invocations=23 (full 5):
 PSYoungGen      total 417280K, used 11970K [0x00000007a0000000, 0x00000007baf80000, 0x00000007c0000000)
  eden space 396800K, 0% used [0x00000007a0000000,0x00000007a0000000,0x00000007b8380000)
  from space 20480K, 58% used [0x00000007b9b80000,0x00000007ba730ae8,0x00000007baf80000)
  to   space 22528K, 0% used [0x00000007b8380000,0x00000007b8380000,0x00000007b9980000)
 ParOldGen       total 384000K, used 28684K [0x0000000760000000, 0x0000000777700000, 0x00000007a0000000)
  object space 384000K, 7% used [0x0000000760000000,0x0000000761c03088,0x0000000777700000)
 Metaspace       used 61690K, capacity 63522K, committed 63872K, reserved 1103872K
  class space    used 8065K, capacity 8452K, committed 8576K, reserved 1048576K
}
Event: 561.249 GC heap before
{Heap before GC invocations=24 (full 5):
 PSYoungGen      total 417280K, used 408770K [0x00000007a0000000, 0x00000007baf80000, 0x00000007c0000000)
  eden space 396800K, 100% used [0x00000007a0000000,0x00000007b8380000,0x00000007b8380000)
  from space 20480K, 58% used [0x00000007b9b80000,0x00000007ba730ae8,0x00000007baf80000)
  to   space 22528K, 0% used [0x00000007b8380000,0x00000007b8380000,0x00000007b9980000)
 ParOldGen       total 384000K, used 42916K [0x0000000760000000, 0x0000000777700000, 0x00000007a0000000)
  object space 384000K, 11% used [0x0000000760000000,0x00000007629e9090,0x0000000777700000)
 Metaspace       used 64453K, capacity 66280K, committed 66560K, reserved 1107968K
  class space    used 8273K, capacity 8645K, committed 8704K, reserved 1048576K
Event: 561.266 GC heap after
Heap after GC invocations=24 (full 5):
 PSYoungGen      total 419328K, used 20140K [0x00000007a0000000, 0x00000007c0000000, 0x00000007c0000000)
  eden space 396800K, 0% used [0x00000007a0000000,0x00000007a0000000,0x00000007b8380000)
  from space 22528K, 89% used [0x00000007b8380000,0x00000007b972b278,0x00000007b9980000)
  to   space 24576K, 0% used [0x00000007be800000,0x00000007be800000,0x00000007c0000000)
 ParOldGen       total 384000K, used 43436K [0x0000000760000000, 0x0000000777700000, 0x00000007a0000000)
  object space 384000K, 11% used [0x0000000760000000,0x0000000762a6b0c0,0x0000000777700000)
 Metaspace       used 64453K, capacity 66280K, committed 66560K, reserved 1107968K
  class space    used 8273K, capacity 8645K, committed 8704K, reserved 1048576K
}
Event: 1148.171 GC heap before
{Heap before GC invocations=25 (full 5):
 PSYoungGen      total 419328K, used 416940K [0x00000007a0000000, 0x00000007c0000000, 0x00000007c0000000)
  eden space 396800K, 100% used [0x00000007a0000000,0x00000007b8380000,0x00000007b8380000)
  from space 22528K, 89% used [0x00000007b8380000,0x00000007b972b278,0x00000007b9980000)
  to   space 24576K, 0% used [0x00000007be800000,0x00000007be800000,0x00000007c0000000)
 ParOldGen       total 384000K, used 43436K [0x0000000760000000, 0x0000000777700000, 0x00000007a0000000)
  object space 384000K, 11% used [0x0000000760000000,0x0000000762a6b0c0,0x0000000777700000)
 Metaspace       used 64898K, capacity 66840K, committed 67072K, reserved 1107968K
  class space    used 8288K, capacity 8667K, committed 8704K, reserved 1048576K

